TriggerSensor/app/build/intermediates/manifest_merge_blame_file/debug/manifest-merger-blame-debug-report.txt
1<?xml version="1.0" encoding="utf-8"?>
2<manifest xmlns:android="http://schemas.android.com/apk/res/android"
3    package="com.example.triggersensor"
4    android:versionCode="1"
5    android:versionName="1.0" >
6
7    <uses-sdk
8        android:minSdkVersion="28"
8-->src/main/AndroidManifest.xml
9        android:targetSdkVersion="33" />
9-->src/main/AndroidManifest.xml
10
11    <uses-feature android:name="android.hardware.type.watch" />
11-->src/main/AndroidManifest.xml:4:5-64
11-->src/main/AndroidManifest.xml:4:19-61
12
13    <uses-permission android:name="android.permission.VIBRATE" />
13-->src/main/AndroidManifest.xml:6:5-66
13-->src/main/AndroidManifest.xml:6:22-63
14    <uses-permission android:name="android.permission.WAKE_LOCK" />
14-->src/main/AndroidManifest.xml:7:5-68
14-->src/main/AndroidManifest.xml:7:22-65
15
16    <queries>
16-->[androidx.wear.tiles:tiles:1.1.0] AndroidManifest.xml:7:5-11:15
17        <intent>
17-->[androidx.wear.tiles:tiles:1.1.0] AndroidManifest.xml:8:9-10:18
18            <action android:name="androidx.wear.tiles.action.BIND_UPDATE_REQUESTER" />
18-->[androidx.wear.tiles:tiles:1.1.0] AndroidManifest.xml:9:13-87
18-->[androidx.wear.tiles:tiles:1.1.0] AndroidManifest.xml:9:21-84
19        </intent>
20    </queries>
21
22    <application
22-->src/main/AndroidManifest.xml:10:5-73:19
23        android:allowBackup="true"
23-->src/main/AndroidManifest.xml:11:9-35
24        android:appComponentFactory="androidx.core.app.CoreComponentFactory"
24-->[androidx.core:core:1.8.0] AndroidManifest.xml:24:18-86
25        android:debuggable="true"
26        android:extractNativeLibs="false"
27        android:icon="@mipmap/ic_launcher"
27-->src/main/AndroidManifest.xml:12:9-43
28        android:label="@string/app_name"
28-->src/main/AndroidManifest.xml:13:9-41
29        android:supportsRtl="true"
29-->src/main/AndroidManifest.xml:14:9-35
30        android:testOnly="true"
31        android:theme="@android:style/Theme.DeviceDefault" >
31-->src/main/AndroidManifest.xml:15:9-59
32        <service
32-->src/main/AndroidManifest.xml:16:9-31:19
33            android:name="com.example.triggersensor.complication.MainComplicationService"
33-->src/main/AndroidManifest.xml:17:13-65
34            android:exported="true"
34-->src/main/AndroidManifest.xml:18:13-36
35            android:label="@string/complication_label"
35-->src/main/AndroidManifest.xml:19:13-55
36            android:permission="com.google.android.wearable.permission.BIND_COMPLICATION_PROVIDER" >
36-->src/main/AndroidManifest.xml:20:13-99
37            <intent-filter>
37-->src/main/AndroidManifest.xml:21:13-23:29
38                <action android:name="android.support.wearable.complications.ACTION_COMPLICATION_UPDATE_REQUEST" />
38-->src/main/AndroidManifest.xml:22:17-116
38-->src/main/AndroidManifest.xml:22:25-113
39            </intent-filter>
40
41            <meta-data
41-->src/main/AndroidManifest.xml:25:13-27:46
42                android:name="android.support.wearable.complications.SUPPORTED_TYPES"
42-->src/main/AndroidManifest.xml:26:17-86
43                android:value="SHORT_TEXT" />
43-->src/main/AndroidManifest.xml:27:17-43
44            <meta-data
44-->src/main/AndroidManifest.xml:28:13-30:37
45                android:name="android.support.wearable.complications.UPDATE_PERIOD_SECONDS"
45-->src/main/AndroidManifest.xml:29:17-92
46                android:value="0" />
46-->src/main/AndroidManifest.xml:30:17-34
47        </service>
48        <service
48-->src/main/AndroidManifest.xml:32:9-44:19
49            android:name="com.example.triggersensor.tile.MainTileService"
49-->src/main/AndroidManifest.xml:33:13-49
50            android:exported="true"
50-->src/main/AndroidManifest.xml:34:13-36
51            android:label="@string/tile_label"
51-->src/main/AndroidManifest.xml:35:13-47
52            android:permission="com.google.android.wearable.permission.BIND_TILE_PROVIDER" >
52-->src/main/AndroidManifest.xml:36:13-91
53            <intent-filter>
53-->src/main/AndroidManifest.xml:37:13-39:29
54                <action android:name="androidx.wear.tiles.action.BIND_TILE_PROVIDER" />
54-->src/main/AndroidManifest.xml:38:17-88
54-->src/main/AndroidManifest.xml:38:25-85
55            </intent-filter>
56
57            <meta-data
57-->src/main/AndroidManifest.xml:41:13-43:61
58                android:name="androidx.wear.tiles.PREVIEW"
58-->src/main/AndroidManifest.xml:42:17-59
59                android:resource="@drawable/tile_preview" />
59-->src/main/AndroidManifest.xml:43:17-58
60        </service>
61
62        <uses-library
62-->src/main/AndroidManifest.xml:46:9-48:39
63            android:name="com.google.android.wearable"
63-->src/main/AndroidManifest.xml:47:13-55
64            android:required="true" />
64-->src/main/AndroidManifest.xml:48:13-36
65        <!--
66               Set to true if your app is Standalone, that is, it does not require the handheld
67               app to run.
68        -->
69        <meta-data
69-->src/main/AndroidManifest.xml:53:9-55:36
70            android:name="com.google.android.wearable.standalone"
70-->src/main/AndroidManifest.xml:54:13-66
71            android:value="true" />
71-->src/main/AndroidManifest.xml:55:13-33
72
73        <activity
73-->src/main/AndroidManifest.xml:57:9-67:20
74            android:name="com.example.triggersensor.presentation.MainActivity"
74-->src/main/AndroidManifest.xml:58:13-54
75            android:exported="true"
75-->src/main/AndroidManifest.xml:59:13-36
76            android:label="@string/app_name"
76-->src/main/AndroidManifest.xml:60:13-45
77            android:theme="@android:style/Theme.DeviceDefault" >
77-->src/main/AndroidManifest.xml:61:13-63
78            <intent-filter>
78-->src/main/AndroidManifest.xml:62:13-66:29
79                <action android:name="android.intent.action.MAIN" />
79-->src/main/AndroidManifest.xml:63:17-69
79-->src/main/AndroidManifest.xml:63:25-66
80
81                <category android:name="android.intent.category.LAUNCHER" />
81-->src/main/AndroidManifest.xml:65:17-77
81-->src/main/AndroidManifest.xml:65:27-74
82            </intent-filter>
83        </activity>
84
85        <receiver
85-->src/main/AndroidManifest.xml:69:9-71:64
86            android:name="com.example.triggersensor.presentation.RequestTriggerAlarm"
86-->src/main/AndroidManifest.xml:71:13-61
87            android:process=":remote" />
87-->src/main/AndroidManifest.xml:70:13-38
88
89        <activity
89-->[androidx.compose.ui:ui-tooling:1.3.0] AndroidManifest.xml:23:9-25:39
90            android:name="androidx.compose.ui.tooling.PreviewActivity"
90-->[androidx.compose.ui:ui-tooling:1.3.0] AndroidManifest.xml:24:13-71
91            android:exported="true" />
91-->[androidx.compose.ui:ui-tooling:1.3.0] AndroidManifest.xml:25:13-36
92        <activity
92-->[androidx.compose.ui:ui-test-manifest:1.3.0] AndroidManifest.xml:23:9-25:39
93            android:name="androidx.activity.ComponentActivity"
93-->[androidx.compose.ui:ui-test-manifest:1.3.0] AndroidManifest.xml:24:13-63
94            android:exported="true" />
94-->[androidx.compose.ui:ui-test-manifest:1.3.0] AndroidManifest.xml:25:13-36
95        <activity
95-->[com.google.android.gms:play-services-base:18.0.1] AndroidManifest.xml:20:9-22:45
96            android:name="com.google.android.gms.common.api.GoogleApiActivity"
96-->[com.google.android.gms:play-services-base:18.0.1] AndroidManifest.xml:20:19-85
97            android:exported="false"
97-->[com.google.android.gms:play-services-base:18.0.1] AndroidManifest.xml:22:19-43
98            android:theme="@android:style/Theme.Translucent.NoTitleBar" />
98-->[com.google.android.gms:play-services-base:18.0.1] AndroidManifest.xml:21:19-78
99
100        <meta-data
100-->[com.google.android.gms:play-services-basement:18.0.0] AndroidManifest.xml:21:9-23:69
101            android:name="com.google.android.gms.version"
101-->[com.google.android.gms:play-services-basement:18.0.0] AndroidManifest.xml:22:13-58
102            android:value="@integer/google_play_services_version" />
102-->[com.google.android.gms:play-services-basement:18.0.0] AndroidManifest.xml:23:13-66
103
104        <provider
104-->[androidx.profileinstaller:profileinstaller:1.2.0] AndroidManifest.xml:25:9-33:20
105            android:name="androidx.startup.InitializationProvider"
105-->[androidx.profileinstaller:profileinstaller:1.2.0] AndroidManifest.xml:26:13-67
106            android:authorities="com.example.triggersensor.androidx-startup"
106-->[androidx.profileinstaller:profileinstaller:1.2.0] AndroidManifest.xml:27:13-68
107            android:exported="false" >
107-->[androidx.profileinstaller:profileinstaller:1.2.0] AndroidManifest.xml:28:13-37
108            <meta-data
108-->[androidx.profileinstaller:profileinstaller:1.2.0] AndroidManifest.xml:30:13-32:52
109                android:name="androidx.profileinstaller.ProfileInstallerInitializer"
109-->[androidx.profileinstaller:profileinstaller:1.2.0] AndroidManifest.xml:31:17-85
110                android:value="androidx.startup" />
110-->[androidx.profileinstaller:profileinstaller:1.2.0] AndroidManifest.xml:32:17-49
111        </provider>
112
113        <receiver
113-->[androidx.profileinstaller:profileinstaller:1.2.0] AndroidManifest.xml:35:9-47:20
114            android:name="androidx.profileinstaller.ProfileInstallReceiver"
114-->[androidx.profileinstaller:profileinstaller:1.2.0] AndroidManifest.xml:36:13-76
115            android:directBootAware="false"
115-->[androidx.profileinstaller:profileinstaller:1.2.0] AndroidManifest.xml:37:13-44
116            android:enabled="true"
116-->[androidx.profileinstaller:profileinstaller:1.2.0] AndroidManifest.xml:38:13-35
117            android:exported="true"
117-->[androidx.profileinstaller:profileinstaller:1.2.0] AndroidManifest.xml:39:13-36
118            android:permission="android.permission.DUMP" >
118-->[androidx.profileinstaller:profileinstaller:1.2.0] AndroidManifest.xml:40:13-57
119            <intent-filter>
119-->[androidx.profileinstaller:profileinstaller:1.2.0] AndroidManifest.xml:41:13-43:29
120                <action android:name="androidx.profileinstaller.action.INSTALL_PROFILE" />
120-->[androidx.profileinstaller:profileinstaller:1.2.0] AndroidManifest.xml:42:17-91
120-->[androidx.profileinstaller:profileinstaller:1.2.0] AndroidManifest.xml:42:25-88
121            </intent-filter>
122            <intent-filter>
122-->[androidx.profileinstaller:profileinstaller:1.2.0] AndroidManifest.xml:44:13-46:29
123                <action android:name="androidx.profileinstaller.action.SKIP_FILE" />
123-->[androidx.profileinstaller:profileinstaller:1.2.0] AndroidManifest.xml:45:17-85
123-->[androidx.profileinstaller:profileinstaller:1.2.0] AndroidManifest.xml:45:25-82
124            </intent-filter>
125        </receiver>
126    </application>
127
128</manifest>